Build started 12/3/2014 3:46:00 PM.
     1>Project "C:\Users\Owner\Documents\Visual Studio 2012\Projects\Truss Analyzer\Truss Analyzer\Truss Analyzer.vcxproj" on node 2 (Build target(s)).
     1>Link:
         C:\Program Files (x86)\Microsoft Visual Studio 11.0\VC\bin\link.exe /ERRORREPORT:PROMPT /OUT:"C:\Users\Owner\Documents\Visual Studio 2012\Projects\Truss Analyzer\Release\Truss Analyzer.exe" /INCREMENTAL:NO /NOLOGO kernel32.lib user32.lib gdi32.lib winspool.lib comdlg32.lib advapi32.lib shell32.lib ole32.lib oleaut32.lib uuid.lib odbc32.lib odbccp32.lib /MANIFEST /MANIFESTUAC:"level='asInvoker' uiAccess='false'" /manifest:embed /DEBUG /PDB:"C:\Users\Owner\Documents\Visual Studio 2012\Projects\Truss Analyzer\Release\Truss Analyzer.pdb" /SUBSYSTEM:WINDOWS /OPT:REF /OPT:ICF /LTCG /TLBID:1 /DYNAMICBASE /NXCOMPAT /IMPLIB:"C:\Users\Owner\Documents\Visual Studio 2012\Projects\Truss Analyzer\Release\Truss Analyzer.lib" /MACHINE:X86 /SAFESEH Release\ConstraintManager.obj
         Release\MatrixManager.obj
         Release\Member.obj
         Release\MemberManager.obj
         Release\NodeManager.obj
         Release\TrussAnalyzer.obj
     1>MSVCRT.lib(crtexew.obj) : error LNK2001: unresolved external symbol _WinMain@16
     1>C:\Users\Owner\Documents\Visual Studio 2012\Projects\Truss Analyzer\Release\Truss Analyzer.exe : fatal error LNK1120: 1 unresolved externals
     1>Done Building Project "C:\Users\Owner\Documents\Visual Studio 2012\Projects\Truss Analyzer\Truss Analyzer\Truss Analyzer.vcxproj" (Build target(s)) -- FAILED.

Build FAILED.

Time Elapsed 00:00:00.40
